<?xml version="1.0" encoding="UTF-8"?>
<testsuite xmlns:xsi="http://www.w3.org/2001/XMLSchema-instance" xsi:noNamespaceSchemaLocation="https://maven.apache.org/surefire/maven-surefire-plugin/xsd/surefire-test-report.xsd" name="InputValidatorTest" time="0.124" tests="9" errors="0" skipped="0" failures="1">
  <properties>
    <property name="java.specification.version" value="17"/>
    <property name="sun.cpu.isalist" value="amd64"/>
    <property name="sun.jnu.encoding" value="Cp1252"/>
    <property name="java.class.path" value="D:\KULIAH\SEMESTER6\Testing\Week 9\CalculatorApp\target\test-classes;D:\KULIAH\SEMESTER6\Testing\Week 9\CalculatorApp\target\classes;C:\Users\salsa\.m2\repository\org\junit\jupiter\junit-jupiter-api\5.8.2\junit-jupiter-api-5.8.2.jar;C:\Users\salsa\.m2\repository\org\opentest4j\opentest4j\1.2.0\opentest4j-1.2.0.jar;C:\Users\salsa\.m2\repository\org\junit\platform\junit-platform-commons\1.8.2\junit-platform-commons-1.8.2.jar;C:\Users\salsa\.m2\repository\org\apiguardian\apiguardian-api\1.1.2\apiguardian-api-1.1.2.jar;C:\Users\salsa\.m2\repository\org\junit\jupiter\junit-jupiter-engine\5.8.2\junit-jupiter-engine-5.8.2.jar;C:\Users\salsa\.m2\repository\org\junit\platform\junit-platform-engine\1.8.2\junit-platform-engine-1.8.2.jar;"/>
    <property name="java.vm.vendor" value="Oracle Corporation"/>
    <property name="sun.arch.data.model" value="64"/>
    <property name="user.variant" value=""/>
    <property name="java.vendor.url" value="https://java.oracle.com/"/>
    <property name="user.timezone" value="Asia/Bangkok"/>
    <property name="os.name" value="Windows 11"/>
    <property name="java.vm.specification.version" value="17"/>
    <property name="sun.java.launcher" value="SUN_STANDARD"/>
    <property name="user.country" value="US"/>
    <property name="sun.boot.library.path" value="E:\jdk-17\bin"/>
    <property name="sun.java.command" value="C:\Users\salsa\AppData\Local\Temp\surefire13390366472317530751\surefirebooter4239215669528873106.jar C:\Users\salsa\AppData\Local\Temp\surefire13390366472317530751 2024-04-25T20-56-15_489-jvmRun1 surefire17822458139533650976tmp surefire_05382734325162697881tmp"/>
    <property name="jdk.debug" value="release"/>
    <property name="test" value="InputValidatorTest"/>
    <property name="surefire.test.class.path" value="D:\KULIAH\SEMESTER6\Testing\Week 9\CalculatorApp\target\test-classes;D:\KULIAH\SEMESTER6\Testing\Week 9\CalculatorApp\target\classes;C:\Users\salsa\.m2\repository\org\junit\jupiter\junit-jupiter-api\5.8.2\junit-jupiter-api-5.8.2.jar;C:\Users\salsa\.m2\repository\org\opentest4j\opentest4j\1.2.0\opentest4j-1.2.0.jar;C:\Users\salsa\.m2\repository\org\junit\platform\junit-platform-commons\1.8.2\junit-platform-commons-1.8.2.jar;C:\Users\salsa\.m2\repository\org\apiguardian\apiguardian-api\1.1.2\apiguardian-api-1.1.2.jar;C:\Users\salsa\.m2\repository\org\junit\jupiter\junit-jupiter-engine\5.8.2\junit-jupiter-engine-5.8.2.jar;C:\Users\salsa\.m2\repository\org\junit\platform\junit-platform-engine\1.8.2\junit-platform-engine-1.8.2.jar;"/>
    <property name="sun.cpu.endian" value="little"/>
    <property name="user.home" value="C:\Users\salsa"/>
    <property name="user.language" value="en"/>
    <property name="java.specification.vendor" value="Oracle Corporation"/>
    <property name="java.version.date" value="2024-01-16"/>
    <property name="java.home" value="E:\jdk-17"/>
    <property name="file.separator" value="\"/>
    <property name="basedir" value="D:\KULIAH\SEMESTER6\Testing\Week 9\CalculatorApp"/>
    <property name="java.vm.compressedOopsMode" value="Zero based"/>
    <property name="line.separator" value="&#10;"/>
    <property name="java.vm.specification.vendor" value="Oracle Corporation"/>
    <property name="java.specification.name" value="Java Platform API Specification"/>
    <property name="surefire.real.class.path" value="C:\Users\salsa\AppData\Local\Temp\surefire13390366472317530751\surefirebooter4239215669528873106.jar"/>
    <property name="user.script" value=""/>
    <property name="sun.management.compiler" value="HotSpot 64-Bit Tiered Compilers"/>
    <property name="java.runtime.version" value="17.0.10+11-LTS-240"/>
    <property name="user.name" value="Tata"/>
    <property name="path.separator" value=";"/>
    <property name="os.version" value="10.0"/>
    <property name="java.runtime.name" value="Java(TM) SE Runtime Environment"/>
    <property name="file.encoding" value="Cp1252"/>
    <property name="java.vm.name" value="Java HotSpot(TM) 64-Bit Server VM"/>
    <property name="localRepository" value="C:\Users\salsa\.m2\repository"/>
    <property name="java.vendor.url.bug" value="https://bugreport.java.com/bugreport/"/>
    <property name="java.io.tmpdir" value="C:\Users\salsa\AppData\Local\Temp\"/>
    <property name="java.version" value="17.0.10"/>
    <property name="user.dir" value="D:\KULIAH\SEMESTER6\Testing\Week 9\CalculatorApp"/>
    <property name="os.arch" value="amd64"/>
    <property name="java.vm.specification.name" value="Java Virtual Machine Specification"/>
    <property name="sun.os.patch.level" value=""/>
    <property name="native.encoding" value="Cp1252"/>
    <property name="java.library.path" value="E:\jdk-17\bin;C:\WINDOWS\Sun\Java\bin;C:\WINDOWS\system32;C:\WINDOWS;E:\jdk-17\bin;C:\Program Files\Common Files\Oracle\Java\javapath;E:\oracle\app\oracle\product\11.2.0\server\bin;D:\21c\dbhomeXE\bin;D:\oracledatabase\dbhomeXE\bin;C:\WINDOWS\system32;C:\ghcup\bin;E:\instantclient-basic-nt-11.2.0.4.0\instantclient_11_2;C:\WINDOWS;C:\WINDOWS\System32\Wbem;C:\WINDOWS\System32\WindowsPowerShell\v1.0\;C:\WINDOWS\System32\OpenSSH\;E:\neo4j\bin;E:\Git\cmd;D:\xampp\php;C:\ProgramData\ComposerSetup\bin;D:\nodejs\;E:\PuTTY\;E:\jdk-17\bin;D:\Microsoft Visual Studio\2022\Community\VC\Tools\MSVC\14.37.32822\bin\Hostx64\x64;E:\apache-maven-3.9.6\bin;C:\Program Files\Docker\Docker\resources\bin;C:\Users\salsa\AppData\Local\Programs\Python\Python311\Scripts\;C:\Users\salsa\AppData\Local\Programs\Python\Python311\;C:\Users\salsa\AppData\Local\Microsoft\WindowsApps;E:\Microsoft VS Code\bin;E:\Strawberry\perl\bin;E:\Strawberry\perl\site\bin;C:\Users\salsa\AppData\Roaming\cabal\bin;C:\tools\ghc-9.4.2\bin;C:\ghcup\bin;E:\swipl\bin;E:\mongosh\;C:\Users\salsa\AppData\Roaming\Composer\vendor\bin;C:\Users\salsa\AppData\Roaming\npm;E:\MiKTeX\miktex\bin\x64\;D:\Microsoft Visual Studio\2022\Community\VC\Tools\MSVC\14.37.32822\bin\Hostx64\x64;."/>
    <property name="java.vm.info" value="mixed mode, sharing"/>
    <property name="java.vendor" value="Oracle Corporation"/>
    <property name="java.vm.version" value="17.0.10+11-LTS-240"/>
    <property name="sun.io.unicode.encoding" value="UnicodeLittle"/>
    <property name="java.class.version" value="61.0"/>
  </properties>
  <testcase name="testInvalidIntegerInput" classname="InputValidatorTest" time="0.063"/>
  <testcase name="testValidIntegerInput" classname="InputValidatorTest" time="0.004"/>
  <testcase name="testInvalidDivisionByZero" classname="InputValidatorTest" time="0.011"/>
  <testcase name="testInvalidOperatorColon" classname="InputValidatorTest" time="0.002"/>
  <testcase name="testNumberInRange" classname="InputValidatorTest" time="0.007"/>
  <testcase name="testNumberOutOfRangePositive" classname="InputValidatorTest" time="0.001"/>
  <testcase name="testNumberOutOfRangeNegative" classname="InputValidatorTest" time="0.001"/>
  <testcase name="testValidOperatorDivision" classname="InputValidatorTest" time="0.002"/>
  <testcase name="testValidDivisionNonZeroDivisor" classname="InputValidatorTest" time="0.011">
    <failure message="Expected result: true, but was: false for divisor: 5 with operator: &apos;/&apos; (should be a valid division). ==&gt; expected: &lt;true&gt; but was: &lt;false&gt;" type="org.opentest4j.AssertionFailedError"><![CDATA[org.opentest4j.AssertionFailedError: Expected result: true, but was: false for divisor: 5 with operator: '/' (should be a valid division). ==> expected: <true> but was: <false>
	at InputValidatorTest.testValidDivisionNonZeroDivisor(InputValidatorTest.java:88)
]]></failure>
  </testcase>
</testsuite>